<?xml version="1.0" encoding="UTF-8"?>
<!-- Generated by org.testng.reporters.JUnitReportReporter -->
<testsuite hostname="DESKTOP-JOCDJ6C" failures="0" tests="1" name="com.vtechsolution01.orangehrm.testcase.Login_TC02" time="0.545" errors="0" timestamp="2022-09-16T19:43:55 IST" skipped="0">
  <testcase classname="com.vtechsolution01.orangehrm.testcase.Login_TC02" name="loginTest" time="0.545"/>
</testsuite> <!-- com.vtechsolution01.orangehrm.testcase.Login_TC02 -->
