<?xml version="1.0" encoding="UTF-8"?>
<!-- Generated by org.testng.reporters.JUnitReportReporter -->
<testsuite hostname="DESKTOP-JOCDJ6C" failures="0" tests="1" name="com.vtechsolution01.orangehrm.testcase.LoginTC_03" time="0.000" errors="0" timestamp="2022-10-20T15:58:15 IST" skipped="1">
  <testcase classname="com.vtechsolution01.orangehrm.testcase.LoginTC_03" name="verifylogin" time="0.000">
    <skipped/>
  </testcase> <!-- verifylogin -->
</testsuite> <!-- com.vtechsolution01.orangehrm.testcase.LoginTC_03 -->
