<?xml version="1.0" encoding="UTF-8"?>
<!-- Generated by org.testng.reporters.JUnitReportReporter -->
<testsuite hostname="DESKTOP-JOCDJ6C" failures="0" tests="3" name="com.vtechsolution01.orangehrm.testcase.LoginTest_001" time="1.442" errors="0" timestamp="2022-09-27T16:20:28 IST" skipped="0">
  <testcase classname="com.vtechsolution01.orangehrm.testcase.LoginTest_001" name="verifyToolsQALogoTC" time="0.318"/>
  <testcase classname="com.vtechsolution01.orangehrm.testcase.LoginTest_001" name="verifyLoginPageTC" time="0.169"/>
  <testcase classname="com.vtechsolution01.orangehrm.testcase.LoginTest_001" name="loginTest" time="0.955"/>
</testsuite> <!-- com.vtechsolution01.orangehrm.testcase.LoginTest_001 -->
